# JRE version: Java(TM) SE Runtime Environment (8.0_25-b18) (build 1.8.0_25-b18)
# Java VM: Java HotSpot(TM) 64-Bit Server VM (25.25-b02 mixed mode windows-amd64 compressed oops)
Heap:
 PSYoungGen      total 233984K, used 54430K [0x00000000d6200000, 0x00000000e9a00000, 0x0000000100000000)
  eden space 220672K, 18% used [0x00000000d6200000,0x00000000d8a2a628,0x00000000e3980000)
  from space 13312K, 99% used [0x00000000e3980000,0x00000000e467d528,0x00000000e4680000)
  to   space 18944K, 0% used [0x00000000e8780000,0x00000000e8780000,0x00000000e9a00000)
 ParOldGen       total 81408K, used 26869K [0x0000000082600000, 0x0000000087580000, 0x00000000d6200000)
  object space 81408K, 33% used [0x0000000082600000,0x000000008403d4e0,0x0000000087580000)
 Metaspace       used 52312K, capacity 55998K, committed 56064K, reserved 1097728K
  class space    used 7332K, capacity 7932K, committed 7936K, reserved 1048576K
GC Heap History (10 events):
Event: 1.840 GC heap before
{Heap before GC invocations=7 (full 1):
 PSYoungGen      total 141312K, used 7018K [0x00000000d6200000, 0x00000000df600000, 0x0000000100000000)
  eden space 131072K, 0% used [0x00000000d6200000,0x00000000d6200000,0x00000000de200000)
  from space 10240K, 68% used [0x00000000dec00000,0x00000000df2dabb8,0x00000000df600000)
  to   space 10240K, 0% used [0x00000000de200000,0x00000000de200000,0x00000000dec00000)
 ParOldGen       total 86016K, used 6520K [0x0000000082600000, 0x0000000087a00000, 0x00000000d6200000)
  object space 86016K, 7% used [0x0000000082600000,0x0000000082c5e248,0x0000000087a00000)
 Metaspace       used 20168K, capacity 21204K, committed 21296K, reserved 1067008K
  class space    used 2691K, capacity 2896K, committed 2944K, reserved 1048576K
Event: 1.869 GC heap after
Heap after GC invocations=7 (full 1):
 PSYoungGen      total 141312K, used 0K [0x00000000d6200000, 0x00000000df600000, 0x0000000100000000)
  eden space 131072K, 0% used [0x00000000d6200000,0x00000000d6200000,0x00000000de200000)
  from space 10240K, 0% used [0x00000000dec00000,0x00000000dec00000,0x00000000df600000)
  to   space 10240K, 0% used [0x00000000de200000,0x00000000de200000,0x00000000dec00000)
 ParOldGen       total 52736K, used 7530K [0x0000000082600000, 0x0000000085980000, 0x00000000d6200000)
  object space 52736K, 14% used [0x0000000082600000,0x0000000082d5aac8,0x0000000085980000)
 Metaspace       used 20166K, capacity 21202K, committed 21296K, reserved 1067008K
  class space    used 2690K, capacity 2895K, committed 2944K, reserved 1048576K
}
Event: 2.536 GC heap before
{Heap before GC invocations=8 (full 1):
 PSYoungGen      total 141312K, used 131064K [0x00000000d6200000, 0x00000000df600000, 0x0000000100000000)
  eden space 131072K, 99% used [0x00000000d6200000,0x00000000de1fe230,0x00000000de200000)
  from space 10240K, 0% used [0x00000000dec00000,0x00000000dec00000,0x00000000df600000)
  to   space 10240K, 0% used [0x00000000de200000,0x00000000de200000,0x00000000dec00000)
 ParOldGen       total 52736K, used 7530K [0x0000000082600000, 0x0000000085980000, 0x00000000d6200000)
  object space 52736K, 14% used [0x0000000082600000,0x0000000082d5aac8,0x0000000085980000)
 Metaspace       used 26502K, capacity 28432K, committed 28672K, reserved 1073152K
  class space    used 3637K, capacity 3970K, committed 4096K, reserved 1048576K
Event: 2.543 GC heap after
Heap after GC invocations=8 (full 1):
 PSYoungGen      total 141312K, used 9902K [0x00000000d6200000, 0x00000000e5380000, 0x0000000100000000)
  eden space 131072K, 0% used [0x00000000d6200000,0x00000000d6200000,0x00000000de200000)
  from space 10240K, 96% used [0x00000000de200000,0x00000000debabb78,0x00000000dec00000)
  to   space 11776K, 0% used [0x00000000e4800000,0x00000000e4800000,0x00000000e5380000)
 ParOldGen       total 52736K, used 7538K [0x0000000082600000, 0x0000000085980000, 0x00000000d6200000)
  object space 52736K, 14% used [0x0000000082600000,0x0000000082d5cac8,0x0000000085980000)
 Metaspace       used 26502K, capacity 28432K, committed 28672K, reserved 1073152K
  class space    used 3637K, capacity 3970K, committed 4096K, reserved 1048576K
}
Event: 3.055 GC heap before
{Heap before GC invocations=9 (full 1):
 PSYoungGen      total 141312K, used 91613K [0x00000000d6200000, 0x00000000e5380000, 0x0000000100000000)
  eden space 131072K, 62% used [0x00000000d6200000,0x00000000db1cbbb8,0x00000000de200000)
  from space 10240K, 96% used [0x00000000de200000,0x00000000debabb78,0x00000000dec00000)
  to   space 11776K, 0% used [0x00000000e4800000,0x00000000e4800000,0x00000000e5380000)
 ParOldGen       total 52736K, used 7538K [0x0000000082600000, 0x0000000085980000, 0x00000000d6200000)
  object space 52736K, 14% used [0x0000000082600000,0x0000000082d5cac8,0x0000000085980000)
 Metaspace       used 33137K, capacity 35376K, committed 35496K, reserved 1079296K
  class space    used 4657K, capacity 5033K, committed 5120K, reserved 1048576K
Event: 3.064 GC heap after
Heap after GC invocations=9 (full 1):
 PSYoungGen      total 230912K, used 11650K [0x00000000d6200000, 0x00000000e5380000, 0x0000000100000000)
  eden space 219136K, 0% used [0x00000000d6200000,0x00000000d6200000,0x00000000e3800000)
  from space 11776K, 98% used [0x00000000e4800000,0x00000000e5360988,0x00000000e5380000)
  to   space 13312K, 0% used [0x00000000e3980000,0x00000000e3980000,0x00000000e4680000)
 ParOldGen       total 52736K, used 7546K [0x0000000082600000, 0x0000000085980000, 0x00000000d6200000)
  object space 52736K, 14% used [0x0000000082600000,0x0000000082d5eac8,0x0000000085980000)
 Metaspace       used 33137K, capacity 35376K, committed 35496K, reserved 1079296K
  class space    used 4657K, capacity 5033K, committed 5120K, reserved 1048576K
}
Event: 3.064 GC heap before
{Heap before GC invocations=10 (full 2):
 PSYoungGen      total 230912K, used 11650K [0x00000000d6200000, 0x00000000e5380000, 0x0000000100000000)
  eden space 219136K, 0% used [0x00000000d6200000,0x00000000d6200000,0x00000000e3800000)
  from space 11776K, 98% used [0x00000000e4800000,0x00000000e5360988,0x00000000e5380000)
  to   space 13312K, 0% used [0x00000000e3980000,0x00000000e3980000,0x00000000e4680000)
 ParOldGen       total 52736K, used 7546K [0x0000000082600000, 0x0000000085980000, 0x00000000d6200000)
  object space 52736K, 14% used [0x0000000082600000,0x0000000082d5eac8,0x0000000085980000)
 Metaspace       used 33137K, capacity 35376K, committed 35496K, reserved 1079296K
  class space    used 4657K, capacity 5033K, committed 5120K, reserved 1048576K
Event: 3.111 GC heap after
Heap after GC invocations=10 (full 2):
 PSYoungGen      total 230912K, used 0K [0x00000000d6200000, 0x00000000e5380000, 0x0000000100000000)
  eden space 219136K, 0% used [0x00000000d6200000,0x00000000d6200000,0x00000000e3800000)
  from space 11776K, 0% used [0x00000000e4800000,0x00000000e4800000,0x00000000e5380000)
  to   space 13312K, 0% used [0x00000000e3980000,0x00000000e3980000,0x00000000e4680000)
 ParOldGen       total 81408K, used 17165K [0x0000000082600000, 0x0000000087580000, 0x00000000d6200000)
  object space 81408K, 21% used [0x0000000082600000,0x00000000836c3730,0x0000000087580000)
 Metaspace       used 33136K, capacity 35374K, committed 35496K, reserved 1079296K
  class space    used 4657K, capacity 5032K, committed 5120K, reserved 1048576K
}
Event: 651.324 GC heap before
{Heap before GC invocations=11 (full 2):
 PSYoungGen      total 230912K, used 219136K [0x00000000d6200000, 0x00000000e5380000, 0x0000000100000000)
  eden space 219136K, 100% used [0x00000000d6200000,0x00000000e3800000,0x00000000e3800000)
  from space 11776K, 0% used [0x00000000e4800000,0x00000000e4800000,0x00000000e5380000)
  to   space 13312K, 0% used [0x00000000e3980000,0x00000000e3980000,0x00000000e4680000)
 ParOldGen       total 81408K, used 17165K [0x0000000082600000, 0x0000000087580000, 0x00000000d6200000)
  object space 81408K, 21% used [0x0000000082600000,0x00000000836c3730,0x0000000087580000)
 Metaspace       used 52295K, capacity 55998K, committed 56064K, reserved 1097728K
  class space    used 7332K, capacity 7932K, committed 7936K, reserved 1048576K
Event: 651.344 GC heap after
Heap after GC invocations=11 (full 2):
 PSYoungGen      total 233984K, used 13301K [0x00000000d6200000, 0x00000000e9a00000, 0x0000000100000000)
  eden space 220672K, 0% used [0x00000000d6200000,0x00000000d6200000,0x00000000e3980000)
  from space 13312K, 99% used [0x00000000e3980000,0x00000000e467d528,0x00000000e4680000)
  to   space 18944K, 0% used [0x00000000e8780000,0x00000000e8780000,0x00000000e9a00000)
 ParOldGen       total 81408K, used 26869K [0x0000000082600000, 0x0000000087580000, 0x00000000d6200000)
  object space 81408K, 33% used [0x0000000082600000,0x000000008403d4e0,0x0000000087580000)
 Metaspace       used 52295K, capacity 55998K, committed 56064K, reserved 1097728K
  class space    used 7332K, capacity 7932K, committed 7936K, reserved 1048576K
}

