# JRE version: Java(TM) SE Runtime Environment (8.0_25-b18) (build 1.8.0_25-b18)
# Java VM: Java HotSpot(TM) 64-Bit Server VM (25.25-b02 mixed mode windows-amd64 compressed oops)
Heap:
 PSYoungGen      total 242176K, used 41562K [0x00000000d6200000, 0x00000000ead80000, 0x0000000100000000)
  eden space 228864K, 12% used [0x00000000d6200000,0x00000000d7d9c1b0,0x00000000e4180000)
  from space 13312K, 99% used [0x00000000e4180000,0x00000000e4e7a850,0x00000000e4e80000)
  to   space 18944K, 0% used [0x00000000e9b00000,0x00000000e9b00000,0x00000000ead80000)
 ParOldGen       total 76288K, used 26751K [0x0000000082600000, 0x0000000087080000, 0x00000000d6200000)
  object space 76288K, 35% used [0x0000000082600000,0x000000008401fe30,0x0000000087080000)
 Metaspace       used 52114K, capacity 55764K, committed 55808K, reserved 1097728K
  class space    used 7302K, capacity 7911K, committed 7936K, reserved 1048576K
GC Heap History (10 events):
Event: 4.198 GC heap before
{Heap before GC invocations=7 (full 1):
 PSYoungGen      total 141312K, used 7063K [0x00000000d6200000, 0x00000000df600000, 0x0000000100000000)
  eden space 131072K, 0% used [0x00000000d6200000,0x00000000d6200000,0x00000000de200000)
  from space 10240K, 68% used [0x00000000dec00000,0x00000000df2e5e40,0x00000000df600000)
  to   space 10240K, 0% used [0x00000000de200000,0x00000000de200000,0x00000000dec00000)
 ParOldGen       total 86016K, used 6464K [0x0000000082600000, 0x0000000087a00000, 0x00000000d6200000)
  object space 86016K, 7% used [0x0000000082600000,0x0000000082c50310,0x0000000087a00000)
 Metaspace       used 20234K, capacity 21204K, committed 21296K, reserved 1067008K
  class space    used 2698K, capacity 2896K, committed 2944K, reserved 1048576K
Event: 4.238 GC heap after
Heap after GC invocations=7 (full 1):
 PSYoungGen      total 141312K, used 0K [0x00000000d6200000, 0x00000000df600000, 0x0000000100000000)
  eden space 131072K, 0% used [0x00000000d6200000,0x00000000d6200000,0x00000000de200000)
  from space 10240K, 0% used [0x00000000dec00000,0x00000000dec00000,0x00000000df600000)
  to   space 10240K, 0% used [0x00000000de200000,0x00000000de200000,0x00000000dec00000)
 ParOldGen       total 50688K, used 7639K [0x0000000082600000, 0x0000000085780000, 0x00000000d6200000)
  object space 50688K, 15% used [0x0000000082600000,0x0000000082d75ef0,0x0000000085780000)
 Metaspace       used 20233K, capacity 21202K, committed 21296K, reserved 1067008K
  class space    used 2697K, capacity 2895K, committed 2944K, reserved 1048576K
}
Event: 5.683 GC heap before
{Heap before GC invocations=8 (full 1):
 PSYoungGen      total 141312K, used 131039K [0x00000000d6200000, 0x00000000df600000, 0x0000000100000000)
  eden space 131072K, 99% used [0x00000000d6200000,0x00000000de1f7de0,0x00000000de200000)
  from space 10240K, 0% used [0x00000000dec00000,0x00000000dec00000,0x00000000df600000)
  to   space 10240K, 0% used [0x00000000de200000,0x00000000de200000,0x00000000dec00000)
 ParOldGen       total 50688K, used 7639K [0x0000000082600000, 0x0000000085780000, 0x00000000d6200000)
  object space 50688K, 15% used [0x0000000082600000,0x0000000082d75ef0,0x0000000085780000)
 Metaspace       used 26485K, capacity 28430K, committed 28544K, reserved 1073152K
  class space    used 3637K, capacity 3968K, committed 3968K, reserved 1048576K
Event: 5.693 GC heap after
Heap after GC invocations=8 (full 1):
 PSYoungGen      total 141312K, used 9785K [0x00000000d6200000, 0x00000000e5b80000, 0x0000000100000000)
  eden space 131072K, 0% used [0x00000000d6200000,0x00000000d6200000,0x00000000de200000)
  from space 10240K, 95% used [0x00000000de200000,0x00000000deb8e518,0x00000000dec00000)
  to   space 11776K, 0% used [0x00000000e5000000,0x00000000e5000000,0x00000000e5b80000)
 ParOldGen       total 50688K, used 7647K [0x0000000082600000, 0x0000000085780000, 0x00000000d6200000)
  object space 50688K, 15% used [0x0000000082600000,0x0000000082d77ef0,0x0000000085780000)
 Metaspace       used 26485K, capacity 28430K, committed 28544K, reserved 1073152K
  class space    used 3637K, capacity 3968K, committed 3968K, reserved 1048576K
}
Event: 6.895 GC heap before
{Heap before GC invocations=9 (full 1):
 PSYoungGen      total 141312K, used 91418K [0x00000000d6200000, 0x00000000e5b80000, 0x0000000100000000)
  eden space 131072K, 62% used [0x00000000d6200000,0x00000000db1b8530,0x00000000de200000)
  from space 10240K, 95% used [0x00000000de200000,0x00000000deb8e518,0x00000000dec00000)
  to   space 11776K, 0% used [0x00000000e5000000,0x00000000e5000000,0x00000000e5b80000)
 ParOldGen       total 50688K, used 7647K [0x0000000082600000, 0x0000000085780000, 0x00000000d6200000)
  object space 50688K, 15% used [0x0000000082600000,0x0000000082d77ef0,0x0000000085780000)
 Metaspace       used 33119K, capacity 35374K, committed 35496K, reserved 1079296K
  class space    used 4656K, capacity 5031K, committed 5120K, reserved 1048576K
Event: 6.909 GC heap after
Heap after GC invocations=9 (full 1):
 PSYoungGen      total 239616K, used 11665K [0x00000000d6200000, 0x00000000e5b80000, 0x0000000100000000)
  eden space 227840K, 0% used [0x00000000d6200000,0x00000000d6200000,0x00000000e4080000)
  from space 11776K, 99% used [0x00000000e5000000,0x00000000e5b64738,0x00000000e5b80000)
  to   space 13312K, 0% used [0x00000000e4180000,0x00000000e4180000,0x00000000e4e80000)
 ParOldGen       total 50688K, used 7655K [0x0000000082600000, 0x0000000085780000, 0x00000000d6200000)
  object space 50688K, 15% used [0x0000000082600000,0x0000000082d79ef0,0x0000000085780000)
 Metaspace       used 33119K, capacity 35374K, committed 35496K, reserved 1079296K
  class space    used 4656K, capacity 5031K, committed 5120K, reserved 1048576K
}
Event: 6.909 GC heap before
{Heap before GC invocations=10 (full 2):
 PSYoungGen      total 239616K, used 11665K [0x00000000d6200000, 0x00000000e5b80000, 0x0000000100000000)
  eden space 227840K, 0% used [0x00000000d6200000,0x00000000d6200000,0x00000000e4080000)
  from space 11776K, 99% used [0x00000000e5000000,0x00000000e5b64738,0x00000000e5b80000)
  to   space 13312K, 0% used [0x00000000e4180000,0x00000000e4180000,0x00000000e4e80000)
 ParOldGen       total 50688K, used 7655K [0x0000000082600000, 0x0000000085780000, 0x00000000d6200000)
  object space 50688K, 15% used [0x0000000082600000,0x0000000082d79ef0,0x0000000085780000)
 Metaspace       used 33119K, capacity 35374K, committed 35496K, reserved 1079296K
  class space    used 4656K, capacity 5031K, committed 5120K, reserved 1048576K
Event: 6.976 GC heap after
Heap after GC invocations=10 (full 2):
 PSYoungGen      total 239616K, used 0K [0x00000000d6200000, 0x00000000e5b80000, 0x0000000100000000)
  eden space 227840K, 0% used [0x00000000d6200000,0x00000000d6200000,0x00000000e4080000)
  from space 11776K, 0% used [0x00000000e5000000,0x00000000e5000000,0x00000000e5b80000)
  to   space 13312K, 0% used [0x00000000e4180000,0x00000000e4180000,0x00000000e4e80000)
 ParOldGen       total 76288K, used 17261K [0x0000000082600000, 0x0000000087080000, 0x00000000d6200000)
  object space 76288K, 22% used [0x0000000082600000,0x00000000836db468,0x0000000087080000)
 Metaspace       used 33118K, capacity 35372K, committed 35496K, reserved 1079296K
  class space    used 4655K, capacity 5030K, committed 5120K, reserved 1048576K
}
Event: 1082.828 GC heap before
{Heap before GC invocations=11 (full 2):
 PSYoungGen      total 239616K, used 227840K [0x00000000d6200000, 0x00000000e5b80000, 0x0000000100000000)
  eden space 227840K, 100% used [0x00000000d6200000,0x00000000e4080000,0x00000000e4080000)
  from space 11776K, 0% used [0x00000000e5000000,0x00000000e5000000,0x00000000e5b80000)
  to   space 13312K, 0% used [0x00000000e4180000,0x00000000e4180000,0x00000000e4e80000)
 ParOldGen       total 76288K, used 17261K [0x0000000082600000, 0x0000000087080000, 0x00000000d6200000)
  object space 76288K, 22% used [0x0000000082600000,0x00000000836db468,0x0000000087080000)
 Metaspace       used 52087K, capacity 55700K, committed 55808K, reserved 1097728K
  class space    used 7300K, capacity 7911K, committed 7936K, reserved 1048576K
Event: 1082.889 GC heap after
Heap after GC invocations=11 (full 2):
 PSYoungGen      total 242176K, used 13290K [0x00000000d6200000, 0x00000000ead80000, 0x0000000100000000)
  eden space 228864K, 0% used [0x00000000d6200000,0x00000000d6200000,0x00000000e4180000)
  from space 13312K, 99% used [0x00000000e4180000,0x00000000e4e7a850,0x00000000e4e80000)
  to   space 18944K, 0% used [0x00000000e9b00000,0x00000000e9b00000,0x00000000ead80000)
 ParOldGen       total 76288K, used 26751K [0x0000000082600000, 0x0000000087080000, 0x00000000d6200000)
  object space 76288K, 35% used [0x0000000082600000,0x000000008401fe30,0x0000000087080000)
 Metaspace       used 52087K, capacity 55700K, committed 55808K, reserved 1097728K
  class space    used 7300K, capacity 7911K, committed 7936K, reserved 1048576K
}

