# JRE version: Java(TM) SE Runtime Environment (8.0_25-b18) (build 1.8.0_25-b18)
# Java VM: Java HotSpot(TM) 64-Bit Server VM (25.25-b02 mixed mode windows-amd64 compressed oops)
Heap:
 PSYoungGen      total 233472K, used 148699K [0x00000000d6200000, 0x00000000ea180000, 0x0000000100000000)
  eden space 220160K, 67% used [0x00000000d6200000,0x00000000df336e60,0x00000000e3900000)
  from space 13312K, 0% used [0x00000000e3900000,0x00000000e3900000,0x00000000e4600000)
  to   space 17920K, 0% used [0x00000000e9000000,0x00000000e9000000,0x00000000ea180000)
 ParOldGen       total 81408K, used 29968K [0x0000000082600000, 0x0000000087580000, 0x00000000d6200000)
  object space 81408K, 36% used [0x0000000082600000,0x0000000084344338,0x0000000087580000)
 Metaspace       used 50595K, capacity 54366K, committed 54656K, reserved 1095680K
  class space    used 7118K, capacity 7763K, committed 7808K, reserved 1048576K
GC Heap History (10 events):
Event: 6.097 GC heap before
{Heap before GC invocations=8 (full 1):
 PSYoungGen      total 141312K, used 131072K [0x00000000d6200000, 0x00000000df600000, 0x0000000100000000)
  eden space 131072K, 100% used [0x00000000d6200000,0x00000000de200000,0x00000000de200000)
  from space 10240K, 0% used [0x00000000dec00000,0x00000000dec00000,0x00000000df600000)
  to   space 10240K, 0% used [0x00000000de200000,0x00000000de200000,0x00000000dec00000)
 ParOldGen       total 52736K, used 7619K [0x0000000082600000, 0x0000000085980000, 0x00000000d6200000)
  object space 52736K, 14% used [0x0000000082600000,0x0000000082d70ee8,0x0000000085980000)
 Metaspace       used 26498K, capacity 28432K, committed 28672K, reserved 1073152K
  class space    used 3638K, capacity 3970K, committed 4096K, reserved 1048576K
Event: 6.111 GC heap after
Heap after GC invocations=8 (full 1):
 PSYoungGen      total 141312K, used 9788K [0x00000000d6200000, 0x00000000e5300000, 0x0000000100000000)
  eden space 131072K, 0% used [0x00000000d6200000,0x00000000d6200000,0x00000000de200000)
  from space 10240K, 95% used [0x00000000de200000,0x00000000deb8f188,0x00000000dec00000)
  to   space 11776K, 0% used [0x00000000e4780000,0x00000000e4780000,0x00000000e5300000)
 ParOldGen       total 52736K, used 7627K [0x0000000082600000, 0x0000000085980000, 0x00000000d6200000)
  object space 52736K, 14% used [0x0000000082600000,0x0000000082d72ee8,0x0000000085980000)
 Metaspace       used 26498K, capacity 28432K, committed 28672K, reserved 1073152K
  class space    used 3638K, capacity 3970K, committed 4096K, reserved 1048576K
}
Event: 7.471 GC heap before
{Heap before GC invocations=9 (full 1):
 PSYoungGen      total 141312K, used 92788K [0x00000000d6200000, 0x00000000e5300000, 0x0000000100000000)
  eden space 131072K, 63% used [0x00000000d6200000,0x00000000db30de98,0x00000000de200000)
  from space 10240K, 95% used [0x00000000de200000,0x00000000deb8f188,0x00000000dec00000)
  to   space 11776K, 0% used [0x00000000e4780000,0x00000000e4780000,0x00000000e5300000)
 ParOldGen       total 52736K, used 7627K [0x0000000082600000, 0x0000000085980000, 0x00000000d6200000)
  object space 52736K, 14% used [0x0000000082600000,0x0000000082d72ee8,0x0000000085980000)
 Metaspace       used 33127K, capacity 35376K, committed 35496K, reserved 1079296K
  class space    used 4657K, capacity 5033K, committed 5120K, reserved 1048576K
Event: 7.492 GC heap after
Heap after GC invocations=9 (full 1):
 PSYoungGen      total 230912K, used 11639K [0x00000000d6200000, 0x00000000e5300000, 0x0000000100000000)
  eden space 219136K, 0% used [0x00000000d6200000,0x00000000d6200000,0x00000000e3800000)
  from space 11776K, 98% used [0x00000000e4780000,0x00000000e52dde60,0x00000000e5300000)
  to   space 13312K, 0% used [0x00000000e3900000,0x00000000e3900000,0x00000000e4600000)
 ParOldGen       total 52736K, used 7635K [0x0000000082600000, 0x0000000085980000, 0x00000000d6200000)
  object space 52736K, 14% used [0x0000000082600000,0x0000000082d74ee8,0x0000000085980000)
 Metaspace       used 33127K, capacity 35376K, committed 35496K, reserved 1079296K
  class space    used 4657K, capacity 5033K, committed 5120K, reserved 1048576K
}
Event: 7.492 GC heap before
{Heap before GC invocations=10 (full 2):
 PSYoungGen      total 230912K, used 11639K [0x00000000d6200000, 0x00000000e5300000, 0x0000000100000000)
  eden space 219136K, 0% used [0x00000000d6200000,0x00000000d6200000,0x00000000e3800000)
  from space 11776K, 98% used [0x00000000e4780000,0x00000000e52dde60,0x00000000e5300000)
  to   space 13312K, 0% used [0x00000000e3900000,0x00000000e3900000,0x00000000e4600000)
 ParOldGen       total 52736K, used 7635K [0x0000000082600000, 0x0000000085980000, 0x00000000d6200000)
  object space 52736K, 14% used [0x0000000082600000,0x0000000082d74ee8,0x0000000085980000)
 Metaspace       used 33127K, capacity 35376K, committed 35496K, reserved 1079296K
  class space    used 4657K, capacity 5033K, committed 5120K, reserved 1048576K
Event: 7.591 GC heap after
Heap after GC invocations=10 (full 2):
 PSYoungGen      total 230912K, used 0K [0x00000000d6200000, 0x00000000e5300000, 0x0000000100000000)
  eden space 219136K, 0% used [0x00000000d6200000,0x00000000d6200000,0x00000000e3800000)
  from space 11776K, 0% used [0x00000000e4780000,0x00000000e4780000,0x00000000e5300000)
  to   space 13312K, 0% used [0x00000000e3900000,0x00000000e3900000,0x00000000e4600000)
 ParOldGen       total 81408K, used 17241K [0x0000000082600000, 0x0000000087580000, 0x00000000d6200000)
  object space 81408K, 21% used [0x0000000082600000,0x00000000836d6688,0x0000000087580000)
 Metaspace       used 33126K, capacity 35374K, committed 35496K, reserved 1079296K
  class space    used 4657K, capacity 5032K, committed 5120K, reserved 1048576K
}
Event: 75.658 GC heap before
{Heap before GC invocations=11 (full 2):
 PSYoungGen      total 230912K, used 194299K [0x00000000d6200000, 0x00000000e5300000, 0x0000000100000000)
  eden space 219136K, 88% used [0x00000000d6200000,0x00000000e1fbeeb0,0x00000000e3800000)
  from space 11776K, 0% used [0x00000000e4780000,0x00000000e4780000,0x00000000e5300000)
  to   space 13312K, 0% used [0x00000000e3900000,0x00000000e3900000,0x00000000e4600000)
 ParOldGen       total 81408K, used 17241K [0x0000000082600000, 0x0000000087580000, 0x00000000d6200000)
  object space 81408K, 21% used [0x0000000082600000,0x00000000836d6688,0x0000000087580000)
 Metaspace       used 50227K, capacity 53812K, committed 54016K, reserved 1095680K
  class space    used 7064K, capacity 7674K, committed 7680K, reserved 1048576K
Event: 75.728 GC heap after
Heap after GC invocations=11 (full 2):
 PSYoungGen      total 233472K, used 13297K [0x00000000d6200000, 0x00000000ea180000, 0x0000000100000000)
  eden space 220160K, 0% used [0x00000000d6200000,0x00000000d6200000,0x00000000e3900000)
  from space 13312K, 99% used [0x00000000e3900000,0x00000000e45fc7a0,0x00000000e4600000)
  to   space 17920K, 0% used [0x00000000e9000000,0x00000000e9000000,0x00000000ea180000)
 ParOldGen       total 81408K, used 24417K [0x0000000082600000, 0x0000000087580000, 0x00000000d6200000)
  object space 81408K, 29% used [0x0000000082600000,0x0000000083dd86e0,0x0000000087580000)
 Metaspace       used 50227K, capacity 53812K, committed 54016K, reserved 1095680K
  class space    used 7064K, capacity 7674K, committed 7680K, reserved 1048576K
}
Event: 75.728 GC heap before
{Heap before GC invocations=12 (full 3):
 PSYoungGen      total 233472K, used 13297K [0x00000000d6200000, 0x00000000ea180000, 0x0000000100000000)
  eden space 220160K, 0% used [0x00000000d6200000,0x00000000d6200000,0x00000000e3900000)
  from space 13312K, 99% used [0x00000000e3900000,0x00000000e45fc7a0,0x00000000e4600000)
  to   space 17920K, 0% used [0x00000000e9000000,0x00000000e9000000,0x00000000ea180000)
 ParOldGen       total 81408K, used 24417K [0x0000000082600000, 0x0000000087580000, 0x00000000d6200000)
  object space 81408K, 29% used [0x0000000082600000,0x0000000083dd86e0,0x0000000087580000)
 Metaspace       used 50227K, capacity 53812K, committed 54016K, reserved 1095680K
  class space    used 7064K, capacity 7674K, committed 7680K, reserved 1048576K
Event: 76.180 GC heap after
Heap after GC invocations=12 (full 3):
 PSYoungGen      total 233472K, used 0K [0x00000000d6200000, 0x00000000ea180000, 0x0000000100000000)
  eden space 220160K, 0% used [0x00000000d6200000,0x00000000d6200000,0x00000000e3900000)
  from space 13312K, 0% used [0x00000000e3900000,0x00000000e3900000,0x00000000e4600000)
  to   space 17920K, 0% used [0x00000000e9000000,0x00000000e9000000,0x00000000ea180000)
 ParOldGen       total 81408K, used 29968K [0x0000000082600000, 0x0000000087580000, 0x00000000d6200000)
  object space 81408K, 36% used [0x0000000082600000,0x0000000084344338,0x0000000087580000)
 Metaspace       used 50224K, capacity 53806K, committed 54016K, reserved 1095680K
  class space    used 7064K, capacity 7673K, committed 7680K, reserved 1048576K
}

